yarn run v1.22.21
$ cross-env NODE_ENV=development nest start
[32m[Nest] 197363  - [39m10/17/2024, 5:52:09 PM [32m    LOG[39m [38;5;3m[NestFactory] [39m[32mStarting Nest application...[39m
[32m[Nest] 197363  - [39m10/17/2024, 5:52:09 PM [32m    LOG[39m [38;5;3m[InstanceLoader] [39m[32mFeaturesModule dependencies initialized[39m[38;5;3m +11ms[39m
[32m[Nest] 197363  - [39m10/17/2024, 5:52:09 PM [32m    LOG[39m [38;5;3m[InstanceLoader] [39m[32mCoreModule dependencies initialized[39m[38;5;3m +0ms[39m
[32m[Nest] 197363  - [39m10/17/2024, 5:52:09 PM [32m    LOG[39m [38;5;3m[InstanceLoader] [39m[32mDatabaseModule dependencies initialized[39m[38;5;3m +0ms[39m
[32m[Nest] 197363  - [39m10/17/2024, 5:52:09 PM [32m    LOG[39m [38;5;3m[InstanceLoader] [39m[32mMongooseModule dependencies initialized[39m[38;5;3m +0ms[39m
[32m[Nest] 197363  - [39m10/17/2024, 5:52:09 PM [32m    LOG[39m [38;5;3m[InstanceLoader] [39m[32mHttpModule dependencies initialized[39m[38;5;3m +0ms[39m
[32m[Nest] 197363  - [39m10/17/2024, 5:52:09 PM [32m    LOG[39m [38;5;3m[InstanceLoader] [39m[32mConfigHostModule dependencies initialized[39m[38;5;3m +1ms[39m
[32m[Nest] 197363  - [39m10/17/2024, 5:52:09 PM [32m    LOG[39m [38;5;3m[InstanceLoader] [39m[32mHl7Module dependencies initialized[39m[38;5;3m +0ms[39m
[32m[Nest] 197363  - [39m10/17/2024, 5:52:09 PM [32m    LOG[39m [38;5;3m[InstanceLoader] [39m[32mConfigModule dependencies initialized[39m[38;5;3m +0ms[39m
[32m[Nest] 197363  - [39m10/17/2024, 5:52:09 PM [32m    LOG[39m [38;5;3m[InstanceLoader] [39m[32mConfigModule dependencies initialized[39m[38;5;3m +0ms[39m
Connecting to database nest at localhost:27019
Connected to database nest at localhost:27019
[32m[Nest] 197363  - [39m10/17/2024, 5:52:09 PM [32m    LOG[39m [38;5;3m[InstanceLoader] [39m[32mMongooseCoreModule dependencies initialized[39m[38;5;3m +22ms[39m
[32m[Nest] 197363  - [39m10/17/2024, 5:52:09 PM [32m    LOG[39m [38;5;3m[InstanceLoader] [39m[32mMongooseModule dependencies initialized[39m[38;5;3m +5ms[39m
[32m[Nest] 197363  - [39m10/17/2024, 5:52:09 PM [32m    LOG[39m [38;5;3m[InstanceLoader] [39m[32mMongooseModule dependencies initialized[39m[38;5;3m +0ms[39m
[32m[Nest] 197363  - [39m10/17/2024, 5:52:09 PM [32m    LOG[39m [38;5;3m[InstanceLoader] [39m[32mMongooseModule dependencies initialized[39m[38;5;3m +0ms[39m
[32m[Nest] 197363  - [39m10/17/2024, 5:52:09 PM [32m    LOG[39m [38;5;3m[InstanceLoader] [39m[32mNotificationModule dependencies initialized[39m[38;5;3m +0ms[39m
[32m[Nest] 197363  - [39m10/17/2024, 5:52:09 PM [32m    LOG[39m [38;5;3m[InstanceLoader] [39m[32mLabResultModule dependencies initialized[39m[38;5;3m +0ms[39m
[32m[Nest] 197363  - [39m10/17/2024, 5:52:09 PM [32m    LOG[39m [38;5;3m[InstanceLoader] [39m[32mSubscriptionModule dependencies initialized[39m[38;5;3m +0ms[39m
[32m[Nest] 197363  - [39m10/17/2024, 5:52:09 PM [32m    LOG[39m [38;5;3m[InstanceLoader] [39m[32mAppModule dependencies initialized[39m[38;5;3m +0ms[39m
[32m[Nest] 197363  - [39m10/17/2024, 5:52:09 PM [32m    LOG[39m [38;5;3m[InstanceLoader] [39m[32mLabOrderModule dependencies initialized[39m[38;5;3m +0ms[39m
[32m[Nest] 197363  - [39m10/17/2024, 5:52:09 PM [32m    LOG[39m [38;5;3m[RoutesResolver] [39m[32mAppController {/}:[39m[38;5;3m +10ms[39m
[32m[Nest] 197363  - [39m10/17/2024, 5:52:09 PM [32m    LOG[39m [38;5;3m[RouterExplorer] [39m[32mMapped {/, POST} route[39m[38;5;3m +2ms[39m
[32m[Nest] 197363  - [39m10/17/2024, 5:52:09 PM [32m    LOG[39m [38;5;3m[RoutesResolver] [39m[32mLabResultController {/lab-results}:[39m[38;5;3m +0ms[39m
[32m[Nest] 197363  - [39m10/17/2024, 5:52:09 PM [32m    LOG[39m [38;5;3m[RouterExplorer] [39m[32mMapped {/lab-results/create, POST} route[39m[38;5;3m +0ms[39m
[32m[Nest] 197363  - [39m10/17/2024, 5:52:09 PM [32m    LOG[39m [38;5;3m[RouterExplorer] [39m[32mMapped {/lab-results/get-by-facility, POST} route[39m[38;5;3m +0ms[39m
[32m[Nest] 197363  - [39m10/17/2024, 5:52:09 PM [32m    LOG[39m [38;5;3m[RoutesResolver] [39m[32mLabOrderController {/lab-orders}:[39m[38;5;3m +0ms[39m
[32m[Nest] 197363  - [39m10/17/2024, 5:52:09 PM [32m    LOG[39m [38;5;3m[RouterExplorer] [39m[32mMapped {/lab-orders/create, POST} route[39m[38;5;3m +1ms[39m
[32m[Nest] 197363  - [39m10/17/2024, 5:52:09 PM [32m    LOG[39m [38;5;3m[RouterExplorer] [39m[32mMapped {/lab-orders/get-by-id, POST} route[39m[38;5;3m +0ms[39m
[32m[Nest] 197363  - [39m10/17/2024, 5:52:09 PM [32m    LOG[39m [38;5;3m[RouterExplorer] [39m[32mMapped {/lab-orders, GET} route[39m[38;5;3m +0ms[39m
[32m[Nest] 197363  - [39m10/17/2024, 5:52:09 PM [32m    LOG[39m [38;5;3m[RoutesResolver] [39m[32mSubscriptionController {/subscription}:[39m[38;5;3m +0ms[39m
[32m[Nest] 197363  - [39m10/17/2024, 5:52:09 PM [32m    LOG[39m [38;5;3m[RouterExplorer] [39m[32mMapped {/subscription, POST} route[39m[38;5;3m +0ms[39m
[32m[Nest] 197363  - [39m10/17/2024, 5:52:09 PM [32m    LOG[39m [38;5;3m[RouterExplorer] [39m[32mMapped {/subscription, GET} route[39m[38;5;3m +0ms[39m
[32m[Nest] 197363  - [39m10/17/2024, 5:52:09 PM [32m    LOG[39m [38;5;3m[NestApplication] [39m[32mNest application successfully started[39m[38;5;3m +2ms[39m
[31m[Nest] 197363  - [39m10/17/2024, 5:52:09 PM [31m  ERROR[39m [38;5;3m[NestApplication] [39m[31mError: listen EADDRINUSE: address already in use 0.0.0.0:3000[39m[38;5;3m +2ms[39m
node:net:1893
    const ex = new UVExceptionWithHostPort(err, 'listen', address, port);
               ^

Error: listen EADDRINUSE: address already in use 0.0.0.0:3000
    at Server.setupListenHandle [as _listen2] (node:net:1893:16)
    at listenInCluster (node:net:1941:12)
    at doListen (node:net:2096:7)
    at process.processTicksAndRejections (node:internal/process/task_queues:83:21) {
  code: 'EADDRINUSE',
  errno: -98,
  syscall: 'listen',
  address: '0.0.0.0',
  port: 3000
}

Node.js v21.6.2
error Command failed with exit code 1.
info Visit https://yarnpkg.com/en/docs/cli/run for documentation about this command.
yarn run v1.22.21
$ cross-env NODE_ENV=development nest start
[32m[Nest] 199857  - [39m10/17/2024, 5:53:35 PM [32m    LOG[39m [38;5;3m[NestFactory] [39m[32mStarting Nest application...[39m
[32m[Nest] 199857  - [39m10/17/2024, 5:53:35 PM [32m    LOG[39m [38;5;3m[InstanceLoader] [39m[32mFeaturesModule dependencies initialized[39m[38;5;3m +11ms[39m
[32m[Nest] 199857  - [39m10/17/2024, 5:53:35 PM [32m    LOG[39m [38;5;3m[InstanceLoader] [39m[32mCoreModule dependencies initialized[39m[38;5;3m +0ms[39m
[32m[Nest] 199857  - [39m10/17/2024, 5:53:35 PM [32m    LOG[39m [38;5;3m[InstanceLoader] [39m[32mDatabaseModule dependencies initialized[39m[38;5;3m +0ms[39m
[32m[Nest] 199857  - [39m10/17/2024, 5:53:35 PM [32m    LOG[39m [38;5;3m[InstanceLoader] [39m[32mMongooseModule dependencies initialized[39m[38;5;3m +0ms[39m
[32m[Nest] 199857  - [39m10/17/2024, 5:53:35 PM [32m    LOG[39m [38;5;3m[InstanceLoader] [39m[32mHttpModule dependencies initialized[39m[38;5;3m +0ms[39m
[32m[Nest] 199857  - [39m10/17/2024, 5:53:35 PM [32m    LOG[39m [38;5;3m[InstanceLoader] [39m[32mConfigHostModule dependencies initialized[39m[38;5;3m +0ms[39m
[32m[Nest] 199857  - [39m10/17/2024, 5:53:35 PM [32m    LOG[39m [38;5;3m[InstanceLoader] [39m[32mHl7Module dependencies initialized[39m[38;5;3m +0ms[39m
[32m[Nest] 199857  - [39m10/17/2024, 5:53:35 PM [32m    LOG[39m [38;5;3m[InstanceLoader] [39m[32mConfigModule dependencies initialized[39m[38;5;3m +1ms[39m
[32m[Nest] 199857  - [39m10/17/2024, 5:53:35 PM [32m    LOG[39m [38;5;3m[InstanceLoader] [39m[32mConfigModule dependencies initialized[39m[38;5;3m +0ms[39m
Connecting to database nest at localhost:27019
Connected to database nest at localhost:27019
[32m[Nest] 199857  - [39m10/17/2024, 5:53:35 PM [32m    LOG[39m [38;5;3m[InstanceLoader] [39m[32mMongooseCoreModule dependencies initialized[39m[38;5;3m +21ms[39m
[32m[Nest] 199857  - [39m10/17/2024, 5:53:35 PM [32m    LOG[39m [38;5;3m[InstanceLoader] [39m[32mMongooseModule dependencies initialized[39m[38;5;3m +5ms[39m
[32m[Nest] 199857  - [39m10/17/2024, 5:53:35 PM [32m    LOG[39m [38;5;3m[InstanceLoader] [39m[32mMongooseModule dependencies initialized[39m[38;5;3m +0ms[39m
[32m[Nest] 199857  - [39m10/17/2024, 5:53:35 PM [32m    LOG[39m [38;5;3m[InstanceLoader] [39m[32mMongooseModule dependencies initialized[39m[38;5;3m +0ms[39m
[32m[Nest] 199857  - [39m10/17/2024, 5:53:35 PM [32m    LOG[39m [38;5;3m[InstanceLoader] [39m[32mNotificationModule dependencies initialized[39m[38;5;3m +0ms[39m
[32m[Nest] 199857  - [39m10/17/2024, 5:53:35 PM [32m    LOG[39m [38;5;3m[InstanceLoader] [39m[32mLabResultModule dependencies initialized[39m[38;5;3m +0ms[39m
[32m[Nest] 199857  - [39m10/17/2024, 5:53:35 PM [32m    LOG[39m [38;5;3m[InstanceLoader] [39m[32mSubscriptionModule dependencies initialized[39m[38;5;3m +1ms[39m
[32m[Nest] 199857  - [39m10/17/2024, 5:53:35 PM [32m    LOG[39m [38;5;3m[InstanceLoader] [39m[32mAppModule dependencies initialized[39m[38;5;3m +0ms[39m
[32m[Nest] 199857  - [39m10/17/2024, 5:53:35 PM [32m    LOG[39m [38;5;3m[InstanceLoader] [39m[32mLabOrderModule dependencies initialized[39m[38;5;3m +0ms[39m
[32m[Nest] 199857  - [39m10/17/2024, 5:53:35 PM [32m    LOG[39m [38;5;3m[RoutesResolver] [39m[32mAppController {/}:[39m[38;5;3m +9ms[39m
[32m[Nest] 199857  - [39m10/17/2024, 5:53:35 PM [32m    LOG[39m [38;5;3m[RouterExplorer] [39m[32mMapped {/, POST} route[39m[38;5;3m +2ms[39m
[32m[Nest] 199857  - [39m10/17/2024, 5:53:35 PM [32m    LOG[39m [38;5;3m[RoutesResolver] [39m[32mLabResultController {/lab-results}:[39m[38;5;3m +0ms[39m
[32m[Nest] 199857  - [39m10/17/2024, 5:53:35 PM [32m    LOG[39m [38;5;3m[RouterExplorer] [39m[32mMapped {/lab-results/create, POST} route[39m[38;5;3m +0ms[39m
[32m[Nest] 199857  - [39m10/17/2024, 5:53:35 PM [32m    LOG[39m [38;5;3m[RouterExplorer] [39m[32mMapped {/lab-results/get-by-facility, POST} route[39m[38;5;3m +1ms[39m
[32m[Nest] 199857  - [39m10/17/2024, 5:53:35 PM [32m    LOG[39m [38;5;3m[RoutesResolver] [39m[32mLabOrderController {/lab-orders}:[39m[38;5;3m +0ms[39m
[32m[Nest] 199857  - [39m10/17/2024, 5:53:35 PM [32m    LOG[39m [38;5;3m[RouterExplorer] [39m[32mMapped {/lab-orders/create, POST} route[39m[38;5;3m +0ms[39m
[32m[Nest] 199857  - [39m10/17/2024, 5:53:35 PM [32m    LOG[39m [38;5;3m[RouterExplorer] [39m[32mMapped {/lab-orders/get-by-id, POST} route[39m[38;5;3m +0ms[39m
[32m[Nest] 199857  - [39m10/17/2024, 5:53:35 PM [32m    LOG[39m [38;5;3m[RouterExplorer] [39m[32mMapped {/lab-orders, GET} route[39m[38;5;3m +0ms[39m
[32m[Nest] 199857  - [39m10/17/2024, 5:53:35 PM [32m    LOG[39m [38;5;3m[RoutesResolver] [39m[32mSubscriptionController {/subscription}:[39m[38;5;3m +1ms[39m
[32m[Nest] 199857  - [39m10/17/2024, 5:53:35 PM [32m    LOG[39m [38;5;3m[RouterExplorer] [39m[32mMapped {/subscription, POST} route[39m[38;5;3m +0ms[39m
[32m[Nest] 199857  - [39m10/17/2024, 5:53:35 PM [32m    LOG[39m [38;5;3m[RouterExplorer] [39m[32mMapped {/subscription, GET} route[39m[38;5;3m +0ms[39m
[32m[Nest] 199857  - [39m10/17/2024, 5:53:35 PM [32m    LOG[39m [38;5;3m[NestApplication] [39m[32mNest application successfully started[39m[38;5;3m +2ms[39m
[31m[Nest] 199857  - [39m10/17/2024, 5:53:35 PM [31m  ERROR[39m [38;5;3m[NestApplication] [39m[31mError: listen EADDRINUSE: address already in use 0.0.0.0:3000[39m[38;5;3m +1ms[39m
node:net:1893
    const ex = new UVExceptionWithHostPort(err, 'listen', address, port);
               ^

Error: listen EADDRINUSE: address already in use 0.0.0.0:3000
    at Server.setupListenHandle [as _listen2] (node:net:1893:16)
    at listenInCluster (node:net:1941:12)
    at doListen (node:net:2096:7)
    at process.processTicksAndRejections (node:internal/process/task_queues:83:21) {
  code: 'EADDRINUSE',
  errno: -98,
  syscall: 'listen',
  address: '0.0.0.0',
  port: 3000
}

Node.js v21.6.2
error Command failed with exit code 1.
info Visit https://yarnpkg.com/en/docs/cli/run for documentation about this command.
